This is pdfTeX, Version 3.141592653-2.6-1.40.24 (MiKTeX 22.1) (preloaded format=pdflatex 2023.6.6)  12 APR 2024 13:37
entering extended mode
 restricted \write18 enabled.
 %&-line parsing enabled.
**./tmcg.tex
(tmcg.tex
LaTeX2e <2022-11-01> patch level 1
L3 programming layer <2023-05-15> (eptcs.cls
Document Class: eptcs 2010/11/26 v1.5
(/Library/Application Support/MiKTeX/texmfs/install/tex/latex/base/article.cls
Document Class: article 2022/07/02 v1.4n Standard LaTeX document class
(/Library/Application Support/MiKTeX/texmfs/install/tex/latex/base/size11.clo
File: size11.clo 2022/07/02 v1.4n Standard LaTeX file (size option)
)
\c@part=\count185
\c@section=\count186
\c@subsection=\count187
\c@subsubsection=\count188
\c@paragraph=\count189
\c@subparagraph=\count190
\c@figure=\count191
\c@table=\count192
\abovecaptionskip=\skip48
\belowcaptionskip=\skip49
\bibindent=\dimen140
)
(/Library/Application Support/MiKTeX/texmfs/install/tex/latex/hyperref/hyperref
.sty
Package: hyperref 2023-04-22 v7.00x Hypertext links for LaTeX

(/Users/Oliwia/Library/Application Support/MiKTeX/texmfs/install/tex/generic/lt
xcmds/ltxcmds.sty
Package: ltxcmds 2020-05-10 v1.25 LaTeX kernel commands for general use (HO)
)
(/Library/Application Support/MiKTeX/texmfs/install/tex/generic/iftex/iftex.sty
Package: iftex 2022/02/03 v1.0f TeX engine tests
)
(/Library/Application Support/MiKTeX/texmfs/install/tex/generic/pdftexcmds/pdft
excmds.sty
Package: pdftexcmds 2020-06-27 v0.33 Utility functions of pdfTeX for LuaTeX (HO
)

(/Users/Oliwia/Library/Application Support/MiKTeX/texmfs/install/tex/generic/in
fwarerr/infwarerr.sty
Package: infwarerr 2019/12/03 v1.5 Providing info/warning/error messages (HO)
)
Package pdftexcmds Info: \pdf@primitive is available.
Package pdftexcmds Info: \pdf@ifprimitive is available.
Package pdftexcmds Info: \pdfdraftmode found.
)
(/Library/Application Support/MiKTeX/texmfs/install/tex/latex/graphics/keyval.s
ty
Package: keyval 2022/05/29 v1.15 key=value parser (DPC)
\KV@toks@=\toks16
)
(/Users/Oliwia/Library/Application Support/MiKTeX/texmfs/install/tex/latex/kvse
tkeys/kvsetkeys.sty
Package: kvsetkeys 2022-10-05 v1.19 Key value parser (HO)
)
(/Users/Oliwia/Library/Application Support/MiKTeX/texmfs/install/tex/generic/kv
definekeys/kvdefinekeys.sty
Package: kvdefinekeys 2019-12-19 v1.6 Define keys (HO)
)
(/Users/Oliwia/Library/Application Support/MiKTeX/texmfs/install/tex/generic/pd
fescape/pdfescape.sty
Package: pdfescape 2019/12/09 v1.15 Implements pdfTeX's escape features (HO)
)
(/Users/Oliwia/Library/Application Support/MiKTeX/texmfs/install/tex/latex/hyco
lor/hycolor.sty
Package: hycolor 2020-01-27 v1.10 Color options for hyperref/bookmark (HO)
)
(/Users/Oliwia/Library/Application Support/MiKTeX/texmfs/install/tex/latex/letl
txmacro/letltxmacro.sty
Package: letltxmacro 2019/12/03 v1.6 Let assignment for LaTeX macros (HO)
)
(/Users/Oliwia/Library/Application Support/MiKTeX/texmfs/install/tex/latex/auxh
ook/auxhook.sty
Package: auxhook 2019-12-17 v1.6 Hooks for auxiliary files (HO)
)
(/Library/Application Support/MiKTeX/texmfs/install/tex/latex/hyperref/nameref.
sty
Package: nameref 2022-05-17 v2.50 Cross-referencing by name of section

(/Users/Oliwia/Library/Application Support/MiKTeX/texmfs/install/tex/latex/refc
ount/refcount.sty
Package: refcount 2019/12/15 v3.6 Data extraction from label references (HO)
)
(/Users/Oliwia/Library/Application Support/MiKTeX/texmfs/install/tex/generic/ge
ttitlestring/gettitlestring.sty
Package: gettitlestring 2019/12/15 v1.6 Cleanup title references (HO)

(/Users/Oliwia/Library/Application Support/MiKTeX/texmfs/install/tex/latex/kvop
tions/kvoptions.sty
Package: kvoptions 2022-06-15 v3.15 Key value format for package options (HO)
))
\c@section@level=\count193
)
(/Library/Application Support/MiKTeX/texmfs/install/tex/latex/etoolbox/etoolbox
.sty
Package: etoolbox 2020/10/05 v2.5k e-TeX tools for LaTeX (JAW)
\etb@tempcnta=\count194
)
\@linkdim=\dimen141
\Hy@linkcounter=\count195
\Hy@pagecounter=\count196

(/Library/Application Support/MiKTeX/texmfs/install/tex/latex/hyperref/pd1enc.d
ef
File: pd1enc.def 2023-04-22 v7.00x Hyperref: PDFDocEncoding definition (HO)
Now handling font encoding PD1 ...
... no UTF-8 mapping file for font encoding PD1
)
(/Users/Oliwia/Library/Application Support/MiKTeX/texmfs/install/tex/generic/in
tcalc/intcalc.sty
Package: intcalc 2019/12/15 v1.3 Expandable calculations with integers (HO)
)
\Hy@SavedSpaceFactor=\count197

(/Library/Application Support/MiKTeX/texmfs/install/tex/latex/hyperref/puenc.de
f
File: puenc.def 2023-04-22 v7.00x Hyperref: PDF Unicode definition (HO)
Now handling font encoding PU ...
... no UTF-8 mapping file for font encoding PU
)
Package hyperref Info: Hyper figures OFF on input line 4182.
Package hyperref Info: Link nesting OFF on input line 4187.
Package hyperref Info: Hyper index ON on input line 4190.
Package hyperref Info: Plain pages OFF on input line 4197.
Package hyperref Info: Backreferencing OFF on input line 4202.
Package hyperref Info: Implicit mode ON; LaTeX internals redefined.
Package hyperref Info: Bookmarks ON on input line 4449.
\c@Hy@tempcnt=\count198
 (/Library/Application Support/MiKTeX/texmfs/install/tex/latex/url/url.sty
\Urlmuskip=\muskip16
Package: url 2013/09/16  ver 3.4  Verb mode for urls, etc.
)
LaTeX Info: Redefining \url on input line 4787.
\XeTeXLinkMargin=\dimen142

(/Users/Oliwia/Library/Application Support/MiKTeX/texmfs/install/tex/generic/bi
tset/bitset.sty
Package: bitset 2019/12/09 v1.3 Handle bit-vector datatype (HO)

(/Users/Oliwia/Library/Application Support/MiKTeX/texmfs/install/tex/generic/bi
gintcalc/bigintcalc.sty
Package: bigintcalc 2019/12/15 v1.5 Expandable calculations on big integers (HO
)
))
\Fld@menulength=\count199
\Field@Width=\dimen143
\Fld@charsize=\dimen144
Package hyperref Info: Hyper figures OFF on input line 6066.
Package hyperref Info: Link nesting OFF on input line 6071.
Package hyperref Info: Hyper index ON on input line 6074.
Package hyperref Info: backreferencing OFF on input line 6081.
Package hyperref Info: Link coloring OFF on input line 6086.
Package hyperref Info: Link coloring with OCG OFF on input line 6091.
Package hyperref Info: PDF/A mode OFF on input line 6096.

(/Library/Application Support/MiKTeX/texmfs/install/tex/latex/base/atbegshi-ltx
.sty
Package: atbegshi-ltx 2021/01/10 v1.0c Emulation of the original atbegshi
package with kernel methods
)
\Hy@abspage=\count266
\c@Item=\count267
\c@Hfootnote=\count268
)
Package hyperref Info: Driver (autodetected): hpdftex.

(/Library/Application Support/MiKTeX/texmfs/install/tex/latex/hyperref/hpdftex.
def
File: hpdftex.def 2023-04-22 v7.00x Hyperref driver for pdfTeX

(/Library/Application Support/MiKTeX/texmfs/install/tex/latex/base/atveryend-lt
x.sty
Package: atveryend-ltx 2020/08/19 v1.0a Emulation of the original atveryend pac
kage
with kernel methods
)
\Fld@listcount=\count269
\c@bookmark@seq@number=\count270

(/Users/Oliwia/Library/Application Support/MiKTeX/texmfs/install/tex/latex/reru
nfilecheck/rerunfilecheck.sty
Package: rerunfilecheck 2022-07-10 v1.10 Rerun checks for auxiliary files (HO)

(/Users/Oliwia/Library/Application Support/MiKTeX/texmfs/install/tex/generic/un
iquecounter/uniquecounter.sty
Package: uniquecounter 2019/12/15 v1.4 Provide unlimited unique counter (HO)
)
Package uniquecounter Info: New unique counter `rerunfilecheck' on input line 2
85.
)
\Hy@SectionHShift=\skip50
)
(/Users/Oliwia/Library/Application Support/MiKTeX/texmfs/install/tex/latex/psnf
ss/mathptmx.sty
Package: mathptmx 2020/03/25 PSNFSS-v9.3 Times w/ Math, improved (SPQR, WaS) 
LaTeX Font Info:    Redeclaring symbol font `operators' on input line 28.
LaTeX Font Info:    Overwriting symbol font `operators' in version `normal'
(Font)                  OT1/cmr/m/n --> OT1/ztmcm/m/n on input line 28.
LaTeX Font Info:    Overwriting symbol font `operators' in version `bold'
(Font)                  OT1/cmr/bx/n --> OT1/ztmcm/m/n on input line 28.
LaTeX Font Info:    Redeclaring symbol font `letters' on input line 29.
LaTeX Font Info:    Overwriting symbol font `letters' in version `normal'
(Font)                  OML/cmm/m/it --> OML/ztmcm/m/it on input line 29.
LaTeX Font Info:    Overwriting symbol font `letters' in version `bold'
(Font)                  OML/cmm/b/it --> OML/ztmcm/m/it on input line 29.
LaTeX Font Info:    Redeclaring symbol font `symbols' on input line 30.
LaTeX Font Info:    Overwriting symbol font `symbols' in version `normal'
(Font)                  OMS/cmsy/m/n --> OMS/ztmcm/m/n on input line 30.
LaTeX Font Info:    Overwriting symbol font `symbols' in version `bold'
(Font)                  OMS/cmsy/b/n --> OMS/ztmcm/m/n on input line 30.
LaTeX Font Info:    Redeclaring symbol font `largesymbols' on input line 31.
LaTeX Font Info:    Overwriting symbol font `largesymbols' in version `normal'
(Font)                  OMX/cmex/m/n --> OMX/ztmcm/m/n on input line 31.
LaTeX Font Info:    Overwriting symbol font `largesymbols' in version `bold'
(Font)                  OMX/cmex/m/n --> OMX/ztmcm/m/n on input line 31.
\symbold=\mathgroup4
\symitalic=\mathgroup5
LaTeX Font Info:    Redeclaring math alphabet \mathbf on input line 34.
LaTeX Font Info:    Overwriting math alphabet `\mathbf' in version `normal'
(Font)                  OT1/cmr/bx/n --> OT1/ptm/bx/n on input line 34.
LaTeX Font Info:    Overwriting math alphabet `\mathbf' in version `bold'
(Font)                  OT1/cmr/bx/n --> OT1/ptm/bx/n on input line 34.
LaTeX Font Info:    Redeclaring math alphabet \mathit on input line 35.
LaTeX Font Info:    Overwriting math alphabet `\mathit' in version `normal'
(Font)                  OT1/cmr/m/it --> OT1/ptm/m/it on input line 35.
LaTeX Font Info:    Overwriting math alphabet `\mathit' in version `bold'
(Font)                  OT1/cmr/bx/it --> OT1/ptm/m/it on input line 35.
LaTeX Info: Redefining \hbar on input line 50.
)
\c@firstpage=\count271
) (trfrac.sty
\trtopgap=\dimen145
\trbotgap=\dimen146
\TRF@lhang=\dimen147
\TRF@rhang=\dimen148
\TRF@lsave=\dimen149
\TRF@ni=\dimen150
\TRF@bi=\dimen151
\TRF@bw=\dimen152
\TRF@numbox=\box51
\TRF@denombox=\box52
\TRF@eqbox=\box53
)
(/Users/Oliwia/Library/Application Support/MiKTeX/texmfs/install/tex/latex/capt
ion/subcaption.sty
Package: subcaption 2023/02/19 v1.6 Sub-captions (AR)

(/Users/Oliwia/Library/Application Support/MiKTeX/texmfs/install/tex/latex/capt
ion/caption.sty
Package: caption 2023/03/12 v3.6j Customizing captions (AR)

(/Users/Oliwia/Library/Application Support/MiKTeX/texmfs/install/tex/latex/capt
ion/caption3.sty
Package: caption3 2023/03/12 v2.4 caption3 kernel (AR)
\caption@tempdima=\dimen153
\captionmargin=\dimen154
\caption@leftmargin=\dimen155
\caption@rightmargin=\dimen156
\caption@width=\dimen157
\caption@indent=\dimen158
\caption@parindent=\dimen159
\caption@hangindent=\dimen160
Package caption Info: Standard document class detected.
)
\c@caption@flags=\count272
\c@continuedfloat=\count273
Package caption Info: hyperref package is loaded.
)
Package caption Info: New subtype `subfigure' on input line 239.
\c@subfigure=\count274
Package caption Info: New subtype `subtable' on input line 239.
\c@subtable=\count275
)
(/Library/Application Support/MiKTeX/texmfs/install/tex/latex/amsmath/amsmath.s
ty
Package: amsmath 2022/04/08 v2.17n AMS math features
\@mathmargin=\skip51

For additional information on amsmath, use the `?' option.

(/Library/Application Support/MiKTeX/texmfs/install/tex/latex/amsmath/amstext.s
ty
Package: amstext 2021/08/26 v2.01 AMS text

(/Library/Application Support/MiKTeX/texmfs/install/tex/latex/amsmath/amsgen.st
y
File: amsgen.sty 1999/11/30 v2.0 generic functions
\@emptytoks=\toks17
\ex@=\dimen161
))
(/Library/Application Support/MiKTeX/texmfs/install/tex/latex/amsmath/amsbsy.st
y
Package: amsbsy 1999/11/29 v1.2d Bold Symbols
\pmbraise@=\dimen162
)
(/Library/Application Support/MiKTeX/texmfs/install/tex/latex/amsmath/amsopn.st
y
Package: amsopn 2022/04/08 v2.04 operator names
)
\inf@bad=\count276
LaTeX Info: Redefining \frac on input line 234.
\uproot@=\count277
\leftroot@=\count278
LaTeX Info: Redefining \overline on input line 399.
LaTeX Info: Redefining \colon on input line 410.
\classnum@=\count279
\DOTSCASE@=\count280
LaTeX Info: Redefining \ldots on input line 496.
LaTeX Info: Redefining \dots on input line 499.
LaTeX Info: Redefining \cdots on input line 620.
\Mathstrutbox@=\box54
\strutbox@=\box55
LaTeX Info: Redefining \big on input line 722.
LaTeX Info: Redefining \Big on input line 723.
LaTeX Info: Redefining \bigg on input line 724.
LaTeX Info: Redefining \Bigg on input line 725.
\big@size=\dimen163
LaTeX Font Info:    Redeclaring font encoding OML on input line 743.
LaTeX Font Info:    Redeclaring font encoding OMS on input line 744.
\macc@depth=\count281
LaTeX Info: Redefining \bmod on input line 905.
LaTeX Info: Redefining \pmod on input line 910.
LaTeX Info: Redefining \smash on input line 940.
LaTeX Info: Redefining \relbar on input line 970.
LaTeX Info: Redefining \Relbar on input line 971.
\c@MaxMatrixCols=\count282
\dotsspace@=\muskip17
\c@parentequation=\count283
\dspbrk@lvl=\count284
\tag@help=\toks18
\row@=\count285
\column@=\count286
\maxfields@=\count287
\andhelp@=\toks19
\eqnshift@=\dimen164
\alignsep@=\dimen165
\tagshift@=\dimen166
\tagwidth@=\dimen167
\totwidth@=\dimen168
\lineht@=\dimen169
\@envbody=\toks20
\multlinegap=\skip52
\multlinetaggap=\skip53
\mathdisplay@stack=\toks21
LaTeX Info: Redefining \[ on input line 2953.
LaTeX Info: Redefining \] on input line 2954.
)
(/Library/Application Support/MiKTeX/texmfs/install/tex/latex/amsfonts/amssymb.
sty
Package: amssymb 2013/01/14 v3.01 AMS font symbols

(/Library/Application Support/MiKTeX/texmfs/install/tex/latex/amsfonts/amsfonts
.sty
Package: amsfonts 2013/01/14 v3.01 Basic AMSFonts support
\symAMSa=\mathgroup6
\symAMSb=\mathgroup7
LaTeX Font Info:    Overwriting math alphabet `\mathfrak' in version `bold'
(Font)                  U/euf/m/n --> U/euf/b/n on input line 106.
))
(/Users/Oliwia/Library/Application Support/MiKTeX/texmfs/install/tex/latex/clev
eref/cleveref.sty
Package: cleveref 2018/03/27 v0.21.4 Intelligent cross-referencing
Package cleveref Info: `hyperref' support loaded on input line 2370.
LaTeX Info: Redefining \cref on input line 2370.
LaTeX Info: Redefining \Cref on input line 2370.
LaTeX Info: Redefining \crefrange on input line 2370.
LaTeX Info: Redefining \Crefrange on input line 2370.
LaTeX Info: Redefining \cpageref on input line 2370.
LaTeX Info: Redefining \Cpageref on input line 2370.
LaTeX Info: Redefining \cpagerefrange on input line 2370.
LaTeX Info: Redefining \Cpagerefrange on input line 2370.
LaTeX Info: Redefining \labelcref on input line 2370.
LaTeX Info: Redefining \labelcpageref on input line 2370.
)
(/Library/Application Support/MiKTeX/texmfs/install/tex/latex/base/alltt.sty
Package: alltt 2021/01/29 v2.0g defines alltt environment
)
(/Library/Application Support/MiKTeX/texmfs/install/tex/latex/pgf/frontendlayer
/tikz.sty
(/Library/Application Support/MiKTeX/texmfs/install/tex/latex/pgf/basiclayer/pg
f.sty
(/Library/Application Support/MiKTeX/texmfs/install/tex/latex/pgf/utilities/pgf
rcs.sty
(/Library/Application Support/MiKTeX/texmfs/install/tex/generic/pgf/utilities/p
gfutil-common.tex
\pgfutil@everybye=\toks22
\pgfutil@tempdima=\dimen170
\pgfutil@tempdimb=\dimen171
)
(/Library/Application Support/MiKTeX/texmfs/install/tex/generic/pgf/utilities/p
gfutil-latex.def
\pgfutil@abb=\box56
)
(/Library/Application Support/MiKTeX/texmfs/install/tex/generic/pgf/utilities/p
gfrcs.code.tex
(/Library/Application Support/MiKTeX/texmfs/install/tex/generic/pgf/pgf.revisio
n.tex)
Package: pgfrcs 2023-01-15 v3.1.10 (3.1.10)
))
Package: pgf 2023-01-15 v3.1.10 (3.1.10)

(/Library/Application Support/MiKTeX/texmfs/install/tex/latex/pgf/basiclayer/pg
fcore.sty
(/Library/Application Support/MiKTeX/texmfs/install/tex/latex/graphics/graphicx
.sty
Package: graphicx 2021/09/16 v1.2d Enhanced LaTeX Graphics (DPC,SPQR)

(/Library/Application Support/MiKTeX/texmfs/install/tex/latex/graphics/graphics
.sty
Package: graphics 2022/03/10 v1.4e Standard LaTeX Graphics (DPC,SPQR)

(/Library/Application Support/MiKTeX/texmfs/install/tex/latex/graphics/trig.sty
Package: trig 2021/08/11 v1.11 sin cos tan (DPC)
)
(/Library/Application Support/MiKTeX/texmfs/install/tex/latex/graphics-cfg/grap
hics.cfg
File: graphics.cfg 2016/06/04 v1.11 sample graphics configuration
)
Package graphics Info: Driver file: pdftex.def on input line 107.

(/Library/Application Support/MiKTeX/texmfs/install/tex/latex/graphics-def/pdft
ex.def
File: pdftex.def 2022/09/22 v1.2b Graphics/color driver for pdftex
))
\Gin@req@height=\dimen172
\Gin@req@width=\dimen173
)
(/Library/Application Support/MiKTeX/texmfs/install/tex/latex/pgf/systemlayer/p
gfsys.sty
(/Library/Application Support/MiKTeX/texmfs/install/tex/generic/pgf/systemlayer
/pgfsys.code.tex
Package: pgfsys 2023-01-15 v3.1.10 (3.1.10)

(/Library/Application Support/MiKTeX/texmfs/install/tex/generic/pgf/utilities/p
gfkeys.code.tex
\pgfkeys@pathtoks=\toks23
\pgfkeys@temptoks=\toks24

(/Library/Application Support/MiKTeX/texmfs/install/tex/generic/pgf/utilities/p
gfkeyslibraryfiltered.code.tex
\pgfkeys@tmptoks=\toks25
))
\pgf@x=\dimen174
\pgf@y=\dimen175
\pgf@xa=\dimen176
\pgf@ya=\dimen177
\pgf@xb=\dimen178
\pgf@yb=\dimen179
\pgf@xc=\dimen180
\pgf@yc=\dimen181
\pgf@xd=\dimen182
\pgf@yd=\dimen183
\w@pgf@writea=\write3
\r@pgf@reada=\read2
\c@pgf@counta=\count288
\c@pgf@countb=\count289
\c@pgf@countc=\count290
\c@pgf@countd=\count291
\t@pgf@toka=\toks26
\t@pgf@tokb=\toks27
\t@pgf@tokc=\toks28
\pgf@sys@id@count=\count292

(/Library/Application Support/MiKTeX/texmfs/install/tex/generic/pgf/systemlayer
/pgf.cfg
File: pgf.cfg 2023-01-15 v3.1.10 (3.1.10)
)
Driver file for pgf: pgfsys-pdftex.def

(/Library/Application Support/MiKTeX/texmfs/install/tex/generic/pgf/systemlayer
/pgfsys-pdftex.def
File: pgfsys-pdftex.def 2023-01-15 v3.1.10 (3.1.10)

(/Library/Application Support/MiKTeX/texmfs/install/tex/generic/pgf/systemlayer
/pgfsys-common-pdf.def
File: pgfsys-common-pdf.def 2023-01-15 v3.1.10 (3.1.10)
)))
(/Library/Application Support/MiKTeX/texmfs/install/tex/generic/pgf/systemlayer
/pgfsyssoftpath.code.tex
File: pgfsyssoftpath.code.tex 2023-01-15 v3.1.10 (3.1.10)
\pgfsyssoftpath@smallbuffer@items=\count293
\pgfsyssoftpath@bigbuffer@items=\count294
)
(/Library/Application Support/MiKTeX/texmfs/install/tex/generic/pgf/systemlayer
/pgfsysprotocol.code.tex
File: pgfsysprotocol.code.tex 2023-01-15 v3.1.10 (3.1.10)
))
(/Library/Application Support/MiKTeX/texmfs/install/tex/latex/xcolor/xcolor.sty
Package: xcolor 2022/06/12 v2.14 LaTeX color extensions (UK)

(/Library/Application Support/MiKTeX/texmfs/install/tex/latex/graphics-cfg/colo
r.cfg
File: color.cfg 2016/01/02 v1.6 sample color configuration
)
Package xcolor Info: Driver file: pdftex.def on input line 227.

(/Library/Application Support/MiKTeX/texmfs/install/tex/latex/graphics/mathcolo
r.ltx)
Package xcolor Info: Model `cmy' substituted by `cmy0' on input line 1353.
Package xcolor Info: Model `hsb' substituted by `rgb' on input line 1357.
Package xcolor Info: Model `RGB' extended on input line 1369.
Package xcolor Info: Model `HTML' substituted by `rgb' on input line 1371.
Package xcolor Info: Model `Hsb' substituted by `hsb' on input line 1372.
Package xcolor Info: Model `tHsb' substituted by `hsb' on input line 1373.
Package xcolor Info: Model `HSB' substituted by `hsb' on input line 1374.
Package xcolor Info: Model `Gray' substituted by `gray' on input line 1375.
Package xcolor Info: Model `wave' substituted by `hsb' on input line 1376.
)
(/Library/Application Support/MiKTeX/texmfs/install/tex/generic/pgf/basiclayer/
pgfcore.code.tex
Package: pgfcore 2023-01-15 v3.1.10 (3.1.10)

(/Library/Application Support/MiKTeX/texmfs/install/tex/generic/pgf/math/pgfmat
h.code.tex
(/Library/Application Support/MiKTeX/texmfs/install/tex/generic/pgf/math/pgfmat
hutil.code.tex)
(/Library/Application Support/MiKTeX/texmfs/install/tex/generic/pgf/math/pgfmat
hparser.code.tex
\pgfmath@dimen=\dimen184
\pgfmath@count=\count295
\pgfmath@box=\box57
\pgfmath@toks=\toks29
\pgfmath@stack@operand=\toks30
\pgfmath@stack@operation=\toks31
)
(/Library/Application Support/MiKTeX/texmfs/install/tex/generic/pgf/math/pgfmat
hfunctions.code.tex)
(/Library/Application Support/MiKTeX/texmfs/install/tex/generic/pgf/math/pgfmat
hfunctions.basic.code.tex)
(/Library/Application Support/MiKTeX/texmfs/install/tex/generic/pgf/math/pgfmat
hfunctions.trigonometric.code.tex)
(/Library/Application Support/MiKTeX/texmfs/install/tex/generic/pgf/math/pgfmat
hfunctions.random.code.tex)
(/Library/Application Support/MiKTeX/texmfs/install/tex/generic/pgf/math/pgfmat
hfunctions.comparison.code.tex)
(/Library/Application Support/MiKTeX/texmfs/install/tex/generic/pgf/math/pgfmat
hfunctions.base.code.tex)
(/Library/Application Support/MiKTeX/texmfs/install/tex/generic/pgf/math/pgfmat
hfunctions.round.code.tex)
(/Library/Application Support/MiKTeX/texmfs/install/tex/generic/pgf/math/pgfmat
hfunctions.misc.code.tex)
(/Library/Application Support/MiKTeX/texmfs/install/tex/generic/pgf/math/pgfmat
hfunctions.integerarithmetics.code.tex)
(/Library/Application Support/MiKTeX/texmfs/install/tex/generic/pgf/math/pgfmat
hcalc.code.tex)
(/Library/Application Support/MiKTeX/texmfs/install/tex/generic/pgf/math/pgfmat
hfloat.code.tex
\c@pgfmathroundto@lastzeros=\count296
))
(/Library/Application Support/MiKTeX/texmfs/install/tex/generic/pgf/math/pgfint
.code.tex)
(/Library/Application Support/MiKTeX/texmfs/install/tex/generic/pgf/basiclayer/
pgfcorepoints.code.tex
File: pgfcorepoints.code.tex 2023-01-15 v3.1.10 (3.1.10)
\pgf@picminx=\dimen185
\pgf@picmaxx=\dimen186
\pgf@picminy=\dimen187
\pgf@picmaxy=\dimen188
\pgf@pathminx=\dimen189
\pgf@pathmaxx=\dimen190
\pgf@pathminy=\dimen191
\pgf@pathmaxy=\dimen192
\pgf@xx=\dimen193
\pgf@xy=\dimen194
\pgf@yx=\dimen195
\pgf@yy=\dimen196
\pgf@zx=\dimen197
\pgf@zy=\dimen198
)
(/Library/Application Support/MiKTeX/texmfs/install/tex/generic/pgf/basiclayer/
pgfcorepathconstruct.code.tex
File: pgfcorepathconstruct.code.tex 2023-01-15 v3.1.10 (3.1.10)
\pgf@path@lastx=\dimen199
\pgf@path@lasty=\dimen256
)
(/Library/Application Support/MiKTeX/texmfs/install/tex/generic/pgf/basiclayer/
pgfcorepathusage.code.tex
File: pgfcorepathusage.code.tex 2023-01-15 v3.1.10 (3.1.10)
\pgf@shorten@end@additional=\dimen257
\pgf@shorten@start@additional=\dimen258
)
(/Library/Application Support/MiKTeX/texmfs/install/tex/generic/pgf/basiclayer/
pgfcorescopes.code.tex
File: pgfcorescopes.code.tex 2023-01-15 v3.1.10 (3.1.10)
\pgfpic=\box58
\pgf@hbox=\box59
\pgf@layerbox@main=\box60
\pgf@picture@serial@count=\count297
)
(/Library/Application Support/MiKTeX/texmfs/install/tex/generic/pgf/basiclayer/
pgfcoregraphicstate.code.tex
File: pgfcoregraphicstate.code.tex 2023-01-15 v3.1.10 (3.1.10)
\pgflinewidth=\dimen259
)
(/Library/Application Support/MiKTeX/texmfs/install/tex/generic/pgf/basiclayer/
pgfcoretransformations.code.tex
File: pgfcoretransformations.code.tex 2023-01-15 v3.1.10 (3.1.10)
\pgf@pt@x=\dimen260
\pgf@pt@y=\dimen261
\pgf@pt@temp=\dimen262
)
(/Library/Application Support/MiKTeX/texmfs/install/tex/generic/pgf/basiclayer/
pgfcorequick.code.tex
File: pgfcorequick.code.tex 2023-01-15 v3.1.10 (3.1.10)
)
(/Library/Application Support/MiKTeX/texmfs/install/tex/generic/pgf/basiclayer/
pgfcoreobjects.code.tex
File: pgfcoreobjects.code.tex 2023-01-15 v3.1.10 (3.1.10)
)
(/Library/Application Support/MiKTeX/texmfs/install/tex/generic/pgf/basiclayer/
pgfcorepathprocessing.code.tex
File: pgfcorepathprocessing.code.tex 2023-01-15 v3.1.10 (3.1.10)
)
(/Library/Application Support/MiKTeX/texmfs/install/tex/generic/pgf/basiclayer/
pgfcorearrows.code.tex
File: pgfcorearrows.code.tex 2023-01-15 v3.1.10 (3.1.10)
\pgfarrowsep=\dimen263
)
(/Library/Application Support/MiKTeX/texmfs/install/tex/generic/pgf/basiclayer/
pgfcoreshade.code.tex
File: pgfcoreshade.code.tex 2023-01-15 v3.1.10 (3.1.10)
\pgf@max=\dimen264
\pgf@sys@shading@range@num=\count298
\pgf@shadingcount=\count299
)
(/Library/Application Support/MiKTeX/texmfs/install/tex/generic/pgf/basiclayer/
pgfcoreimage.code.tex
File: pgfcoreimage.code.tex 2023-01-15 v3.1.10 (3.1.10)
)
(/Library/Application Support/MiKTeX/texmfs/install/tex/generic/pgf/basiclayer/
pgfcoreexternal.code.tex
File: pgfcoreexternal.code.tex 2023-01-15 v3.1.10 (3.1.10)
\pgfexternal@startupbox=\box61
)
(/Library/Application Support/MiKTeX/texmfs/install/tex/generic/pgf/basiclayer/
pgfcorelayers.code.tex
File: pgfcorelayers.code.tex 2023-01-15 v3.1.10 (3.1.10)
)
(/Library/Application Support/MiKTeX/texmfs/install/tex/generic/pgf/basiclayer/
pgfcoretransparency.code.tex
File: pgfcoretransparency.code.tex 2023-01-15 v3.1.10 (3.1.10)
)
(/Library/Application Support/MiKTeX/texmfs/install/tex/generic/pgf/basiclayer/
pgfcorepatterns.code.tex
File: pgfcorepatterns.code.tex 2023-01-15 v3.1.10 (3.1.10)
)
(/Library/Application Support/MiKTeX/texmfs/install/tex/generic/pgf/basiclayer/
pgfcorerdf.code.tex
File: pgfcorerdf.code.tex 2023-01-15 v3.1.10 (3.1.10)
)))
(/Library/Application Support/MiKTeX/texmfs/install/tex/generic/pgf/modules/pgf
moduleshapes.code.tex
File: pgfmoduleshapes.code.tex 2023-01-15 v3.1.10 (3.1.10)
\pgfnodeparttextbox=\box62
)
(/Library/Application Support/MiKTeX/texmfs/install/tex/generic/pgf/modules/pgf
moduleplot.code.tex
File: pgfmoduleplot.code.tex 2023-01-15 v3.1.10 (3.1.10)
)
(/Library/Application Support/MiKTeX/texmfs/install/tex/latex/pgf/compatibility
/pgfcomp-version-0-65.sty
Package: pgfcomp-version-0-65 2023-01-15 v3.1.10 (3.1.10)
\pgf@nodesepstart=\dimen265
\pgf@nodesepend=\dimen266
)
(/Library/Application Support/MiKTeX/texmfs/install/tex/latex/pgf/compatibility
/pgfcomp-version-1-18.sty
Package: pgfcomp-version-1-18 2023-01-15 v3.1.10 (3.1.10)
))
(/Library/Application Support/MiKTeX/texmfs/install/tex/latex/pgf/utilities/pgf
for.sty
(/Library/Application Support/MiKTeX/texmfs/install/tex/latex/pgf/utilities/pgf
keys.sty
(/Library/Application Support/MiKTeX/texmfs/install/tex/generic/pgf/utilities/p
gfkeys.code.tex))
(/Library/Application Support/MiKTeX/texmfs/install/tex/latex/pgf/math/pgfmath.
sty
(/Library/Application Support/MiKTeX/texmfs/install/tex/generic/pgf/math/pgfmat
h.code.tex))
(/Library/Application Support/MiKTeX/texmfs/install/tex/generic/pgf/utilities/p
gffor.code.tex
Package: pgffor 2023-01-15 v3.1.10 (3.1.10)
\pgffor@iter=\dimen267
\pgffor@skip=\dimen268
\pgffor@stack=\toks32
\pgffor@toks=\toks33
))
(/Library/Application Support/MiKTeX/texmfs/install/tex/generic/pgf/frontendlay
er/tikz/tikz.code.tex
Package: tikz 2023-01-15 v3.1.10 (3.1.10)

(/Library/Application Support/MiKTeX/texmfs/install/tex/generic/pgf/libraries/p
gflibraryplothandlers.code.tex
File: pgflibraryplothandlers.code.tex 2023-01-15 v3.1.10 (3.1.10)
\pgf@plot@mark@count=\count300
\pgfplotmarksize=\dimen269
)
\tikz@lastx=\dimen270
\tikz@lasty=\dimen271
\tikz@lastxsaved=\dimen272
\tikz@lastysaved=\dimen273
\tikz@lastmovetox=\dimen274
\tikz@lastmovetoy=\dimen275
\tikzleveldistance=\dimen276
\tikzsiblingdistance=\dimen277
\tikz@figbox=\box63
\tikz@figbox@bg=\box64
\tikz@tempbox=\box65
\tikz@tempbox@bg=\box66
\tikztreelevel=\count301
\tikznumberofchildren=\count302
\tikznumberofcurrentchild=\count303
\tikz@fig@count=\count304

(/Library/Application Support/MiKTeX/texmfs/install/tex/generic/pgf/modules/pgf
modulematrix.code.tex
File: pgfmodulematrix.code.tex 2023-01-15 v3.1.10 (3.1.10)
\pgfmatrixcurrentrow=\count305
\pgfmatrixcurrentcolumn=\count306
\pgf@matrix@numberofcolumns=\count307
)
\tikz@expandcount=\count308

(/Library/Application Support/MiKTeX/texmfs/install/tex/generic/pgf/frontendlay
er/tikz/libraries/tikzlibrarytopaths.code.tex
File: tikzlibrarytopaths.code.tex 2023-01-15 v3.1.10 (3.1.10)
)))
(/Library/Application Support/MiKTeX/texmfs/install/tex/generic/pgf/frontendlay
er/tikz/libraries/tikzlibraryautomata.code.tex
File: tikzlibraryautomata.code.tex 2023-01-15 v3.1.10 (3.1.10)

(/Library/Application Support/MiKTeX/texmfs/install/tex/generic/pgf/frontendlay
er/tikz/libraries/tikzlibraryshapes.multipart.code.tex
File: tikzlibraryshapes.multipart.code.tex 2023-01-15 v3.1.10 (3.1.10)

(/Library/Application Support/MiKTeX/texmfs/install/tex/generic/pgf/libraries/s
hapes/pgflibraryshapes.multipart.code.tex
File: pgflibraryshapes.multipart.code.tex 2023-01-15 v3.1.10 (3.1.10)
\pgfnodepartlowerbox=\box67
\pgfnodeparttwobox=\box68
\pgfnodepartthreebox=\box69
\pgfnodepartfourbox=\box70
\pgfnodeparttwentybox=\box71
\pgfnodepartnineteenbox=\box72
\pgfnodeparteighteenbox=\box73
\pgfnodepartseventeenbox=\box74
\pgfnodepartsixteenbox=\box75
\pgfnodepartfifteenbox=\box76
\pgfnodepartfourteenbox=\box77
\pgfnodepartthirteenbox=\box78
\pgfnodeparttwelvebox=\box79
\pgfnodepartelevenbox=\box80
\pgfnodeparttenbox=\box81
\pgfnodepartninebox=\box82
\pgfnodeparteightbox=\box83
\pgfnodepartsevenbox=\box84
\pgfnodepartsixbox=\box85
\pgfnodepartfivebox=\box86
)))
(/Library/Application Support/MiKTeX/texmfs/install/tex/generic/pgf/frontendlay
er/tikz/libraries/tikzlibrarypositioning.code.tex
File: tikzlibrarypositioning.code.tex 2023-01-15 v3.1.10 (3.1.10)
)
(/Library/Application Support/MiKTeX/texmfs/install/tex/generic/pgf/frontendlay
er/tikz/libraries/tikzlibraryarrows.code.tex
File: tikzlibraryarrows.code.tex 2023-01-15 v3.1.10 (3.1.10)

(/Library/Application Support/MiKTeX/texmfs/install/tex/generic/pgf/libraries/p
gflibraryarrows.code.tex
File: pgflibraryarrows.code.tex 2023-01-15 v3.1.10 (3.1.10)
\arrowsize=\dimen278
))
(/Users/Oliwia/Library/Application Support/MiKTeX/texmfs/install/tex/latex/floa
t/float.sty
Package: float 2001/11/08 v1.3d Float enhancements (AL)
\c@float@type=\count309
\float@exts=\toks34
\float@box=\box87
\@float@everytoks=\toks35
\@floatcapt=\box88
)
\@float@every@figure=\toks36

(/Library/Application Support/MiKTeX/texmfs/install/tex/latex/pgfplots/pgfplots
.sty
(/Library/Application Support/MiKTeX/texmfs/install/tex/generic/pgfplots/pgfplo
ts.revision.tex)
Package: pgfplots 2021/05/15 v1.18.1 Data Visualization (1.18.1)

(/Library/Application Support/MiKTeX/texmfs/install/tex/generic/pgfplots/pgfplo
ts.code.tex
(/Library/Application Support/MiKTeX/texmfs/install/tex/generic/pgfplots/pgfplo
tscore.code.tex
\t@pgfplots@toka=\toks37
\t@pgfplots@tokb=\toks38
\t@pgfplots@tokc=\toks39
\pgfplots@tmpa=\dimen279
\c@pgfplots@coordindex=\count310
\c@pgfplots@scanlineindex=\count311

(/Library/Application Support/MiKTeX/texmfs/install/tex/generic/pgfplots/sys/pg
fplotssysgeneric.code.tex))
(/Library/Application Support/MiKTeX/texmfs/install/tex/generic/pgfplots/libs/p
gfplotslibrary.code.tex)
(/Library/Application Support/MiKTeX/texmfs/install/tex/generic/pgfplots/oldpgf
compatib/pgfplotsoldpgfsupp_loader.code.tex
(/Library/Application Support/MiKTeX/texmfs/install/tex/generic/pgf/libraries/p
gflibraryfpu.code.tex)
Package pgfplots: loading complementary utilities for your pgf version...
\t@pgf@toka=\toks40
\t@pgf@tokb=\toks41
\t@pgf@tokc=\toks42

(/Library/Application Support/MiKTeX/texmfs/install/tex/generic/pgfplots/oldpgf
compatib/pgfplotsoldpgfsupp_pgfutil-common-lists.tex))
(/Library/Application Support/MiKTeX/texmfs/install/tex/generic/pgfplots/util/p
gfplotsutil.code.tex
(/Library/Application Support/MiKTeX/texmfs/install/tex/generic/pgfplots/listst
ructure/pgfplotsliststructure.code.tex)
(/Library/Application Support/MiKTeX/texmfs/install/tex/generic/pgfplots/listst
ructure/pgfplotsliststructureext.code.tex)
(/Library/Application Support/MiKTeX/texmfs/install/tex/generic/pgfplots/listst
ructure/pgfplotsarray.code.tex
\c@pgfplotsarray@tmp=\count312
)
(/Library/Application Support/MiKTeX/texmfs/install/tex/generic/pgfplots/listst
ructure/pgfplotsmatrix.code.tex)
(/Library/Application Support/MiKTeX/texmfs/install/tex/generic/pgfplots/numtab
le/pgfplotstableshared.code.tex
\c@pgfplotstable@counta=\count313
\t@pgfplotstable@a=\toks43
)
(/Library/Application Support/MiKTeX/texmfs/install/tex/generic/pgfplots/listst
ructure/pgfplotsdeque.code.tex)
(/Library/Application Support/MiKTeX/texmfs/install/tex/generic/pgfplots/util/p
gfplotsbinary.code.tex
(/Library/Application Support/MiKTeX/texmfs/install/tex/generic/pgfplots/util/p
gfplotsbinary.data.code.tex))
(/Library/Application Support/MiKTeX/texmfs/install/tex/generic/pgfplots/util/p
gfplotsutil.verb.code.tex)
(/Library/Application Support/MiKTeX/texmfs/install/tex/generic/pgfplots/libs/p
gflibrarypgfplots.surfshading.code.tex
\c@pgfplotslibrarysurf@no=\count314

(/Library/Application Support/MiKTeX/texmfs/install/tex/generic/pgfplots/sys/pg
flibrarypgfplots.surfshading.pgfsys-pdftex.def)))
(/Library/Application Support/MiKTeX/texmfs/install/tex/generic/pgfplots/util/p
gfplotscolormap.code.tex
(/Library/Application Support/MiKTeX/texmfs/install/tex/generic/pgfplots/util/p
gfplotscolor.code.tex))
(/Library/Application Support/MiKTeX/texmfs/install/tex/generic/pgfplots/pgfplo
tsstackedplots.code.tex)
(/Library/Application Support/MiKTeX/texmfs/install/tex/generic/pgfplots/pgfplo
tsplothandlers.code.tex
(/Library/Application Support/MiKTeX/texmfs/install/tex/generic/pgfplots/pgfplo
tsmeshplothandler.code.tex
(/Library/Application Support/MiKTeX/texmfs/install/tex/generic/pgfplots/pgfplo
tsmeshplotimage.code.tex)))
(/Library/Application Support/MiKTeX/texmfs/install/tex/generic/pgfplots/pgfplo
ts.scaling.code.tex)
(/Library/Application Support/MiKTeX/texmfs/install/tex/generic/pgfplots/pgfplo
tscoordprocessing.code.tex)
(/Library/Application Support/MiKTeX/texmfs/install/tex/generic/pgfplots/pgfplo
ts.errorbars.code.tex)
(/Library/Application Support/MiKTeX/texmfs/install/tex/generic/pgfplots/pgfplo
ts.markers.code.tex)
(/Library/Application Support/MiKTeX/texmfs/install/tex/generic/pgfplots/pgfplo
tsticks.code.tex)
(/Library/Application Support/MiKTeX/texmfs/install/tex/generic/pgfplots/pgfplo
ts.paths.code.tex)
(/Library/Application Support/MiKTeX/texmfs/install/tex/generic/pgf/frontendlay
er/tikz/libraries/tikzlibrarydecorations.code.tex
(/Library/Application Support/MiKTeX/texmfs/install/tex/generic/pgf/modules/pgf
moduledecorations.code.tex
\pgfdecoratedcompleteddistance=\dimen280
\pgfdecoratedremainingdistance=\dimen281
\pgfdecoratedinputsegmentcompleteddistance=\dimen282
\pgfdecoratedinputsegmentremainingdistance=\dimen283
\pgf@decorate@distancetomove=\dimen284
\pgf@decorate@repeatstate=\count315
\pgfdecorationsegmentamplitude=\dimen285
\pgfdecorationsegmentlength=\dimen286
)
\tikz@lib@dec@box=\box89
)
(/Library/Application Support/MiKTeX/texmfs/install/tex/generic/pgf/frontendlay
er/tikz/libraries/tikzlibrarydecorations.pathmorphing.code.tex
(/Library/Application Support/MiKTeX/texmfs/install/tex/generic/pgf/libraries/d
ecorations/pgflibrarydecorations.pathmorphing.code.tex))
(/Library/Application Support/MiKTeX/texmfs/install/tex/generic/pgf/frontendlay
er/tikz/libraries/tikzlibrarydecorations.pathreplacing.code.tex
(/Library/Application Support/MiKTeX/texmfs/install/tex/generic/pgf/libraries/d
ecorations/pgflibrarydecorations.pathreplacing.code.tex))
(/Library/Application Support/MiKTeX/texmfs/install/tex/generic/pgfplots/libs/t
ikzlibrarypgfplots.contourlua.code.tex)
\pgfplots@numplots=\count316
\pgfplots@xmin@reg=\dimen287
\pgfplots@xmax@reg=\dimen288
\pgfplots@ymin@reg=\dimen289
\pgfplots@ymax@reg=\dimen290
\pgfplots@zmin@reg=\dimen291
\pgfplots@zmax@reg=\dimen292
)
(/Library/Application Support/MiKTeX/texmfs/install/tex/generic/pgf/frontendlay
er/tikz/libraries/tikzlibraryplotmarks.code.tex
File: tikzlibraryplotmarks.code.tex 2023-01-15 v3.1.10 (3.1.10)

(/Library/Application Support/MiKTeX/texmfs/install/tex/generic/pgf/libraries/p
gflibraryplotmarks.code.tex
File: pgflibraryplotmarks.code.tex 2023-01-15 v3.1.10 (3.1.10)
)))
(/Users/Oliwia/Library/Application Support/MiKTeX/texmfs/install/tex/latex/math
tools/mathtools.sty
Package: mathtools 2022/06/29 v1.29 mathematical typesetting tools

(/Library/Application Support/MiKTeX/texmfs/install/tex/latex/tools/calc.sty
Package: calc 2017/05/25 v4.3 Infix arithmetic (KKT,FJ)
\calc@Acount=\count317
\calc@Bcount=\count318
\calc@Adimen=\dimen293
\calc@Bdimen=\dimen294
\calc@Askip=\skip54
\calc@Bskip=\skip55
LaTeX Info: Redefining \setlength on input line 80.
LaTeX Info: Redefining \addtolength on input line 81.
\calc@Ccount=\count319
\calc@Cskip=\skip56
)
(/Users/Oliwia/Library/Application Support/MiKTeX/texmfs/install/tex/latex/math
tools/mhsetup.sty
Package: mhsetup 2021/03/18 v1.4 programming setup (MH)
)
\g_MT_multlinerow_int=\count320
\l_MT_multwidth_dim=\dimen295
\origjot=\skip57
\l_MT_shortvdotswithinadjustabove_dim=\dimen296
\l_MT_shortvdotswithinadjustbelow_dim=\dimen297
\l_MT_above_intertext_sep=\dimen298
\l_MT_below_intertext_sep=\dimen299
\l_MT_above_shortintertext_sep=\dimen300
\l_MT_below_shortintertext_sep=\dimen301
\xmathstrut@box=\box90
\xmathstrut@dim=\dimen302
)
(/Users/Oliwia/Library/Application Support/MiKTeX/texmfs/install/tex/latex/psnf
ss/pifont.sty
Package: pifont 2020/03/25 PSNFSS-v9.3 Pi font support (SPQR) 
LaTeX Font Info:    Trying to load font information for U+pzd on input line 63.


(/Users/Oliwia/Library/Application Support/MiKTeX/texmfs/install/tex/latex/psnf
ss/upzd.fd
File: upzd.fd 2001/06/04 font definitions for U/pzd.
)
LaTeX Font Info:    Trying to load font information for U+psy on input line 64.


(/Users/Oliwia/Library/Application Support/MiKTeX/texmfs/install/tex/latex/psnf
ss/upsy.fd
File: upsy.fd 2001/06/04 font definitions for U/psy.
))
(/Users/Oliwia/Library/Application Support/MiKTeX/texmfs/install/tex/latex/canc
el/cancel.sty
Package: cancel 2013/04/12 v2.2 Cancel math terms
)
(/Users/Oliwia/Library/Application Support/MiKTeX/texmfs/install/tex/latex/enum
item/enumitem.sty
Package: enumitem 2019/06/20 v3.9 Customized lists
\labelindent=\skip58
\enit@outerparindent=\dimen303
\enit@toks=\toks44
\enit@inbox=\box91
\enit@count@id=\count321
\enitdp@description=\count322
)
LaTeX Font Info:    Trying to load font information for OT1+ptm on input line 7
4.

(/Users/Oliwia/Library/Application Support/MiKTeX/texmfs/install/tex/latex/psnf
ss/ot1ptm.fd
File: ot1ptm.fd 2001/06/04 font definitions for OT1/ptm.
)
(/Library/Application Support/MiKTeX/texmfs/install/tex/latex/l3backend/l3backe
nd-pdftex.def
File: l3backend-pdftex.def 2023-04-19 L3 backend support: PDF output (pdfTeX)
\l__color_backend_stack_int=\count323
\l__pdf_internal_box=\box92
) (tmcg.aux)
\openout1 = `tmcg.aux'.

LaTeX Font Info:    Checking defaults for OML/cmm/m/it on input line 74.
LaTeX Font Info:    ... okay on input line 74.
LaTeX Font Info:    Checking defaults for OMS/cmsy/m/n on input line 74.
LaTeX Font Info:    ... okay on input line 74.
LaTeX Font Info:    Checking defaults for OT1/cmr/m/n on input line 74.
LaTeX Font Info:    ... okay on input line 74.
LaTeX Font Info:    Checking defaults for T1/cmr/m/n on input line 74.
LaTeX Font Info:    ... okay on input line 74.
LaTeX Font Info:    Checking defaults for TS1/cmr/m/n on input line 74.
LaTeX Font Info:    ... okay on input line 74.
LaTeX Font Info:    Checking defaults for OMX/cmex/m/n on input line 74.
LaTeX Font Info:    ... okay on input line 74.
LaTeX Font Info:    Checking defaults for U/cmr/m/n on input line 74.
LaTeX Font Info:    ... okay on input line 74.
LaTeX Font Info:    Checking defaults for PD1/pdf/m/n on input line 74.
LaTeX Font Info:    ... okay on input line 74.
LaTeX Font Info:    Checking defaults for PU/pdf/m/n on input line 74.
LaTeX Font Info:    ... okay on input line 74.
Package hyperref Info: Link coloring OFF on input line 74.
 (tmcg.out) (tmcg.out)
\@outlinefile=\write4
\openout4 = `tmcg.out'.

Package caption Info: Begin \AtBeginDocument code.
Package caption Info: float package is loaded.
Package caption Info: End \AtBeginDocument code.

(/Library/Application Support/MiKTeX/texmfs/install/tex/context/base/mkii/supp-
pdf.mkii
[Loading MPS to PDF converter (version 2006.09.02).]
\scratchcounter=\count324
\scratchdimen=\dimen304
\scratchbox=\box93
\nofMPsegments=\count325
\nofMParguments=\count326
\everyMPshowfont=\toks45
\MPscratchCnt=\count327
\MPscratchDim=\dimen305
\MPnumerator=\count328
\makeMPintoPDFobject=\count329
\everyMPtoPDFconversion=\toks46
)
(/Library/Application Support/MiKTeX/texmfs/install/tex/latex/epstopdf-pkg/epst
opdf-base.sty
Package: epstopdf-base 2020-01-24 v2.11 Base part for package epstopdf
Package epstopdf-base Info: Redefining graphics rule for `.eps' on input line 4
85.

(/Library/Application Support/MiKTeX/texmfs/install/tex/latex/00miktex/epstopdf
-sys.cfg
File: epstopdf-sys.cfg 2021/03/18 v2.0 Configuration of epstopdf for MiKTeX
))
Package pgfplots notification 'compat/show suggested version=true': document ha
s been generated with the most recent feature set (\pgfplotsset{compat=1.18}).

[1{/Users/Oliwia/Library/Application Support/MiKTeX/texmfs/data/fonts/map/pdfte
x/pdftex.map}]
\pages=\write5
\openout5 = `tmcg.pag'.

 (tmcg.aux)
Package rerunfilecheck Info: File `tmcg.out' has not changed.
(rerunfilecheck)             Checksum: D41D8CD98F00B204E9800998ECF8427E;0.
 ) 
Here is how much of TeX's memory you used:
 35764 strings out of 478345
 851888 string characters out of 2839608
 1858851 words of memory out of 3000000
 55355 multiletter control sequences out of 15000+600000
 517185 words of font info for 41 fonts, out of 8000000 for 9000
 0 hyphenation exceptions out of 8191
 102i,10n,104p,727b,967s stack positions out of 5000i,500n,10000p,200000b,80000s
{/Library/Application Support/MiKTeX/texmfs/install/fonts/enc/dvips/base/8r.e
nc}</Library/Application Support/MiKTeX/texmfs/install/fonts/type1/urw/times/ut
mb8a.pfb></Library/Application Support/MiKTeX/texmfs/install/fonts/type1/urw/ti
mes/utmr8a.pfb>
Output written on tmcg.pdf (1 page, 21985 bytes).
PDF statistics:
 25 PDF objects out of 1000 (max. 8388607)
 2 named destinations out of 1000 (max. 500000)
 13 words of extra memory for PDF output out of 10000 (max. 10000000)

